<?xml version="1.0" encoding="UTF-8"?>
<!-- Generated by org.testng.reporters.JUnitReportReporter -->
<testsuite skipped="0" hostname="DESKTOP-FV0I4VU" name="org.rahulshettyacademy.DemoTest" tests="2" failures="0" timestamp="28 Dec 2020 03:29:23 GMT" time="15.733" errors="0">
  <testcase name="flightTest" time="10.373" classname="org.rahulshettyacademy.DemoTest"/>
  <testcase name="flightTest" time="5.360" classname="org.rahulshettyacademy.DemoTest"/>
</testsuite> <!-- org.rahulshettyacademy.DemoTest -->
